1714886219564:help
1714886237189:i
1714886241204:t
1714886247619:Rtas sdvef
1714886254701:i srg  srgsgx
1714886257643:t
1714902936228:help
1714927003046:aa
1714927115027:ab
1714927942417:aa
1714927944855:ab
1714928690736:aa
1714929763617:ag
1714929777629:aa
1714929968534:ag
1714929971179:aa
1714934604420:bbid
1714934613334:bbid 1
1714934958682:bbid 2
1714935289681:bbid 1
1714935408284:bbid 3
1714935418555:bbid 2
1714935430098:bbid 4
1715005084122:ab
1715008566101:bins new Book(4, "TestBook", new Author(4, "TestAuthor"), new Genre(4, "TestGenre"))
1715008623386:bins newBook 1 1
1715008672970:bins newBook 4 4
1715008695210:bins newBook 2 2
1715008700176:bins newBook 1 3
1715008855974:bins newBook 1 2
1715008885387:ab
1715008922716:bins newBook 2 2
1715008930771:ab
1715008939628:bins newBook 3 3
1715008943347:ab
1715009605783:bupd 4 editedBook 2 2
1715009774151:bupd 4 editedBook 3 2
1715009804809:bins newBook 2 2
1715009814654:ba
1715009816823:ab
1715009827201:bins newBook 3 2
1715009834769:bins newBook 1 3
1715009837679:ab
1715009845544:bins newBook 1 4
1715009854912:bins newBook 3 4
1715009860640:bins newBook 1 2
1715009865447:ab
1715009870704:bins newBook 3 3
1715009923971:bupd 4 editedBook 3 2
1715009926911:ab
1715009943471:bupd 4 editedBook 1 1
1715009945326:ab
1715010006783:bupd 4 editedBook 2 3
1715010009268:ab
1715010106517:bupd 4 editedBook 3 2
1715010380060:ab
1715010382937:bupd 4 editedBook 3 2
1715010391295:ab
1715010474150:bbid 4
1715010482550:bbid 3
1715010486437:ab
1715010541742:bins TEST 2 3
1715010550966:bins test 1 3
1715010565501:bins 2 4
1715010582190:bins test 1 4
1715010585773:ab
1715010596525:bins t 3 2
1715010663797:bins newBook 1 1
1715010675597:bins newBook 2 2
1715010685683:ab
1715010700165:bupd 4 editedBook 3 2
1715010732619:ab
1715011533565:// bupd 4 editedBook 4 1
1715011551578:bupd 4 editedBook 4 1
1715011564210:bupd 4 editedBook 1 1
1715011576841:bupd 4 editedBook 3 2
1715011606681:bupd 2 editedBook 3 2
1715011610855:ab
1715011652520:bupd 3 editedBook 3 1
1715011658262:ab
1715011937355:bdel 2
1715012026998:ab
1715012032723:bdel 3
1715012037281:ab
1715012066553:aa
1715012078299:bins newBook 1 1
1715012086130:bins newBook 2 1
1715012090923:bins newBook 2 2
1715012110057:ab
1715012122617:bbid 3
1715012135074:bupd 4 editedBook 3 2
1715012146457:bupd 1 editedBook 3 2
1715012149664:ab
1715012169968:bdel 1
1715012172607:ab
1715012183280:ag
1715012316866:ab
1715012322061:aa
1715012323518:ag
1715090288322:bupd 3 editedBook 3 3
1715090307798:ab
1715090320142:bupd 3 editedBook 3 3
1715090358566:ab
1715090374968:bupd 3 Орбитальный путь 3 3
1715090405853:bupd 3 "Орбитальный путь" 3 3
1715090433325:bupd 3 Орбитальный путь 4 3
1715090459221:bupd 5 Орбитальный 3 3
1716095295949:aa
1716095298507:ag
1716095304665:bbid 3
1716095322825:bins newBook 2 2
1716095331266:bins newBook 1 2
1716095336698:bins newBook 2 1
1716095342753:bins newBook 3 2
1716095345689:ab
1716095359712:bdel 4
1716095363168:ab
